|--- feature_0 <= 0.68
|   |--- feature_1 <= 0.57
|   |   |--- feature_1 <= -0.02
|   |   |   |--- class: 0
|   |   |--- feature_1 >  -0.02
|   |   |   |--- feature_0 <= -0.16
|   |   |   |   |--- class: 0
|   |   |   |--- feature_0 >  -0.16
|   |   |   |   |--- class: 0
|   |--- feature_1 >  0.57
|   |   |--- feature_0 <= -1.14
|   |   |   |--- class: 0
|   |   |--- feature_0 >  -1.14
|   |   |   |--- feature_1 <= 1.37
|   |   |   |   |--- class: 1
|   |   |   |--- feature_1 >  1.37
|   |   |   |   |--- class: 1
|--- feature_0 >  0.68
|   |--- feature_0 <= 1.47
|   |   |--- feature_1 <= -0.83
|   |   |   |--- feature_1 <= -1.41
|   |   |   |   |--- class: 1
|   |   |   |--- feature_1 >  -1.41
|   |   |   |   |--- class: 1
|   |   |--- feature_1 >  -0.83
|   |   |   |--- feature_1 <= 0.44
|   |   |   |   |--- class: 0
|   |   |   |--- feature_1 >  0.44
|   |   |   |   |--- class: 1
|   |--- feature_0 >  1.47
|   |   |--- feature_0 <= 2.06
|   |   |   |--- class: 1
|   |   |--- feature_0 >  2.06
|   |   |   |--- feature_1 <= 0.45
|   |   |   |   |--- class: 1
|   |   |   |--- feature_1 >  0.45
|   |   |   |   |--- class: 1
